Flow report for SCOMP
<<<<<<< Updated upstream
Wed Apr 06 18:00:57 2022
=======
Tue Apr 19 19:45:39 2022
>>>>>>> Stashed changes
Quartus Prime Version 19.1.0 Build 670 09/22/2019 SJ Lite Edition


---------------------
; Table of Contents ;
---------------------
  1. Legal Notice
  2. Flow Summary
  3. Flow Settings
  4. Flow Non-Default Global Settings
  5. Flow Elapsed Time
  6. Flow OS Summary
  7. Flow Log
  8. Flow Messages
  9. Flow Suppressed Messages



----------------
; Legal Notice ;
----------------
Copyright (C) 2019  Intel Corporation. All rights reserved.
Your use of Intel Corporation's design tools, logic functions 
and other software and tools, and any partner logic 
functions, and any output files from any of the foregoing 
(including device programming or simulation files), and any 
associated documentation or information are expressly subject 
to the terms and conditions of the Intel Program License 
Subscription Agreement, the Intel Quartus Prime License Agreement,
the Intel FPGA IP License Agreement, or other applicable license
agreement, including, without limitation, that your use is for
the sole purpose of programming logic devices manufactured by
Intel and sold by Intel or its authorized distributors.  Please
refer to the applicable agreement for further details, at
https://fpgasoftware.intel.com/eula.



+-------------------------------------------------------------------------------+
; Flow Summary                                                                  ;
+---------------------------------+---------------------------------------------+
<<<<<<< Updated upstream
; Flow Status                     ; Successful - Wed Apr 06 18:00:57 2022       ;
=======
; Flow Status                     ; Successful - Tue Apr 19 19:45:39 2022       ;
>>>>>>> Stashed changes
; Quartus Prime Version           ; 19.1.0 Build 670 09/22/2019 SJ Lite Edition ;
; Revision Name                   ; SCOMP                                       ;
; Top-level Entity Name           ; SCOMP_System                                ;
; Family                          ; Cyclone V                                   ;
; Device                          ; 5CSXFC6D6F31C6                              ;
; Timing Models                   ; Final                                       ;
<<<<<<< Updated upstream
; Logic utilization (in ALMs)     ; N/A                                         ;
; Total registers                 ; 346                                         ;
; Total pins                      ; 64                                          ;
=======
; Logic utilization (in ALMs)     ; 383 / 41,910 ( < 1 % )                      ;
; Total registers                 ; 394                                         ;
; Total pins                      ; 64 / 499 ( 13 % )                           ;
>>>>>>> Stashed changes
; Total virtual pins              ; 0                                           ;
; Total block memory bits         ; 38,912                                      ;
; Total DSP Blocks                ; 0                                           ;
; Total HSSI RX PCSs              ; 0                                           ;
; Total HSSI PMA RX Deserializers ; 0                                           ;
; Total HSSI TX PCSs              ; 0                                           ;
; Total HSSI PMA TX Serializers   ; 0                                           ;
; Total PLLs                      ; 1                                           ;
; Total DLLs                      ; 0                                           ;
+---------------------------------+---------------------------------------------+


+-----------------------------------------+
; Flow Settings                           ;
+-------------------+---------------------+
; Option            ; Setting             ;
+-------------------+---------------------+
<<<<<<< Updated upstream
; Start date & time ; 04/06/2022 18:00:44 ;
=======
; Start date & time ; 04/19/2022 19:42:16 ;
>>>>>>> Stashed changes
; Main task         ; Compilation         ;
; Revision Name     ; SCOMP               ;
+-------------------+---------------------+


+-------------------------------------------------------------------------------------------------------------------------------------------------+
; Flow Non-Default Global Settings                                                                                                                ;
+-------------------------------------+----------------------------------------+---------------+--------------+-----------------------------------+
; Assignment Name                     ; Value                                  ; Default Value ; Entity Name  ; Section Id                        ;
+-------------------------------------+----------------------------------------+---------------+--------------+-----------------------------------+
; ADVANCED_PHYSICAL_OPTIMIZATION      ; Off                                    ; On            ; --           ; --                                ;
<<<<<<< Updated upstream
; COMPILER_SIGNATURE_ID               ; 119438745688175.164928244431716        ; --            ; --           ; --                                ;
=======
; COMPILER_SIGNATURE_ID               ; 119438745688175.165041173616208        ; --            ; --           ; --                                ;
>>>>>>> Stashed changes
; EDA_GENERATE_FUNCTIONAL_NETLIST     ; Off                                    ; --            ; --           ; eda_board_design_timing           ;
; EDA_GENERATE_FUNCTIONAL_NETLIST     ; Off                                    ; --            ; --           ; eda_board_design_boundary_scan    ;
; EDA_GENERATE_FUNCTIONAL_NETLIST     ; Off                                    ; --            ; --           ; eda_board_design_signal_integrity ;
; EDA_GENERATE_FUNCTIONAL_NETLIST     ; Off                                    ; --            ; --           ; eda_board_design_symbol           ;
; EDA_OUTPUT_DATA_FORMAT              ; Verilog Hdl                            ; --            ; --           ; eda_simulation                    ;
; EDA_SIMULATION_TOOL                 ; ModelSim-Altera (Verilog)              ; <None>        ; --           ; --                                ;
; EDA_TIME_SCALE                      ; 1 ps                                   ; --            ; --           ; eda_simulation                    ;
; MAX_CORE_JUNCTION_TEMP              ; 85                                     ; --            ; --           ; --                                ;
; MIN_CORE_JUNCTION_TEMP              ; 0                                      ; --            ; --           ; --                                ;
; MISC_FILE                           ; PLL_main.cmp                           ; --            ; --           ; --                                ;
; MISC_FILE                           ; PLL_main_sim/PLL_main.vho              ; --            ; --           ; --                                ;
; NUM_PARALLEL_PROCESSORS             ; All                                    ; --            ; --           ; --                                ;
; OUTPUT_IO_TIMING_FAR_END_VMEAS      ; Half Signal Swing                      ; --            ; --           ; --                                ;
; OUTPUT_IO_TIMING_FAR_END_VMEAS      ; Half Signal Swing                      ; --            ; --           ; --                                ;
; OUTPUT_IO_TIMING_NEAR_END_VMEAS     ; Half Vccio                             ; --            ; --           ; --                                ;
; OUTPUT_IO_TIMING_NEAR_END_VMEAS     ; Half Vccio                             ; --            ; --           ; --                                ;
; PARTITION_COLOR                     ; -- (Not supported for targeted family) ; --            ; SCOMP_System ; Top                               ;
; PARTITION_FITTER_PRESERVATION_LEVEL ; -- (Not supported for targeted family) ; --            ; SCOMP_System ; Top                               ;
; PARTITION_NETLIST_TYPE              ; -- (Not supported for targeted family) ; --            ; SCOMP_System ; Top                               ;
; POWER_BOARD_THERMAL_MODEL           ; None (CONSERVATIVE)                    ; --            ; --           ; --                                ;
; POWER_PRESET_COOLING_SOLUTION       ; 23 MM HEAT SINK WITH 200 LFPM AIRFLOW  ; --            ; --           ; --                                ;
; PROJECT_OUTPUT_DIRECTORY            ; output_files                           ; --            ; --           ; --                                ;
; SPD_FILE                            ; PLL_main.spd                           ; --            ; --           ; --                                ;
; SYNTHESIS_ONLY_QIP                  ; On                                     ; --            ; --           ; --                                ;
; TOP_LEVEL_ENTITY                    ; SCOMP_System                           ; SCOMP         ; --           ; --                                ;
+-------------------------------------+----------------------------------------+---------------+--------------+-----------------------------------+


+--------------------------------------------------------------------------------------------------------------------------+
; Flow Elapsed Time                                                                                                        ;
+----------------------+--------------+-------------------------+---------------------+------------------------------------+
; Module Name          ; Elapsed Time ; Average Processors Used ; Peak Virtual Memory ; Total CPU Time (on all processors) ;
+----------------------+--------------+-------------------------+---------------------+------------------------------------+
<<<<<<< Updated upstream
; Analysis & Synthesis ; 00:00:14     ; 1.0                     ; 4883 MB             ; 00:00:23                           ;
; Total                ; 00:00:14     ; --                      ; --                  ; 00:00:23                           ;
=======
; Analysis & Synthesis ; 00:00:14     ; 1.0                     ; 4885 MB             ; 00:00:30                           ;
; Fitter               ; 00:02:43     ; 1.0                     ; 6544 MB             ; 00:03:13                           ;
; Assembler            ; 00:00:08     ; 1.0                     ; 4856 MB             ; 00:00:07                           ;
; Timing Analyzer      ; 00:00:10     ; 1.4                     ; 5207 MB             ; 00:00:14                           ;
; EDA Netlist Writer   ; 00:00:02     ; 1.0                     ; 4838 MB             ; 00:00:02                           ;
; Total                ; 00:03:17     ; --                      ; --                  ; 00:04:06                           ;
>>>>>>> Stashed changes
+----------------------+--------------+-------------------------+---------------------+------------------------------------+


+------------------------------------------------------------------------------------+
; Flow OS Summary                                                                    ;
+----------------------+------------------+------------+------------+----------------+
; Module Name          ; Machine Hostname ; OS Name    ; OS Version ; Processor type ;
+----------------------+------------------+------------+------------+----------------+
; Analysis & Synthesis ; Jordans-SLS      ; Windows 10 ; 10.0       ; x86_64         ;
<<<<<<< Updated upstream
=======
; Fitter               ; Jordans-SLS      ; Windows 10 ; 10.0       ; x86_64         ;
; Assembler            ; Jordans-SLS      ; Windows 10 ; 10.0       ; x86_64         ;
; Timing Analyzer      ; Jordans-SLS      ; Windows 10 ; 10.0       ; x86_64         ;
; EDA Netlist Writer   ; Jordans-SLS      ; Windows 10 ; 10.0       ; x86_64         ;
>>>>>>> Stashed changes
+----------------------+------------------+------------+------------+----------------+


------------
; Flow Log ;
------------
quartus_map --read_settings_files=on --write_settings_files=off SCOMP -c SCOMP



